已經開始建置於 2017/12/26 下午 05:17:19。
     1>節點 2 (Build 目標) 上的專案 "C:\Users\ASUS\Desktop\c code\final project\final project\final project.vcxproj"。
     1>C:\Program Files (x86)\MSBuild\Microsoft.Cpp\v4.0\V120\Microsoft.CppBuild.targets(363,5): warning MSB8004: Intermediate Directory does not end with a trailing slash.  This build instance will add the slash as it is required to allow proper evaluation of the Intermediate Directory.
     1>C:\Program Files (x86)\MSBuild\Microsoft.Cpp\v4.0\V120\Microsoft.CppBuild.targets(364,5): warning MSB8004: Output Directory does not end with a trailing slash.  This build instance will add the slash as it is required to allow proper evaluation of the Output Directory.
     1>ClCompile:
         D:\Program Files (x86)\Microsoft Visual Studio 12.0\VC\bin\CL.exe /c /I"C:\Users\ASUS\Desktop\c code\final project\include" /ZI /nologo /W3 /WX- /sdl- /Od /Oy- /D _MBCS /Gm /EHsc /RTC1 /MDd /GS /fp:precise /Zc:wchar_t /Zc:forScope /Fo"..\temp\debug\\" /Fd"..\temp\debug\vc120.pdb" /Gd /TC /analyze- /errorReport:prompt ..\source\Main.c
         Main.c
     1>c:\users\asus\desktop\c code\final project\source\main.c(9): warning C4305: '正在初始化' : 從 'double' 轉換為 'float'，是由較大的類型轉換為較小的類型，可能導致資料遺失
     1>c:\users\asus\desktop\c code\final project\source\main.c(96): warning C4996: 'scanf': This function or variable may be unsafe. Consider using scanf_s instead. To disable deprecation, use _CRT_SECURE_NO_WARNINGS. See online help for details.
                 d:\program files (x86)\microsoft visual studio 12.0\vc\include\stdio.h(283) : 請參閱 'scanf' 的宣告
     1>c:\users\asus\desktop\c code\final project\source\main.c(107): warning C4244: '函式' : 將 'time_t' 轉換為 'unsigned int'，由於類型不同，可能導致資料遺失
     1>c:\users\asus\desktop\c code\final project\source\main.c(134): warning C4244: '=' : 將 'double' 轉換為 'float'，由於類型不同，可能導致資料遺失
     1>c:\users\asus\desktop\c code\final project\source\main.c(135): warning C4996: 'scanf': This function or variable may be unsafe. Consider using scanf_s instead. To disable deprecation, use _CRT_SECURE_NO_WARNINGS. See online help for details.
                 d:\program files (x86)\microsoft visual studio 12.0\vc\include\stdio.h(283) : 請參閱 'scanf' 的宣告
     1>c:\users\asus\desktop\c code\final project\source\main.c(171): warning C4244: '=' : 將 'double' 轉換為 'float'，由於類型不同，可能導致資料遺失
     1>c:\users\asus\desktop\c code\final project\source\main.c(220): warning C4244: '=' : 將 'int' 轉換為 'float'，由於類型不同，可能導致資料遺失
     1>c:\users\asus\desktop\c code\final project\source\main.c(222): warning C4244: '=' : 將 'int' 轉換為 'float'，由於類型不同，可能導致資料遺失
     1>c:\users\asus\desktop\c code\final project\source\main.c(224): warning C4244: '=' : 將 'int' 轉換為 'float'，由於類型不同，可能導致資料遺失
     1>c:\users\asus\desktop\c code\final project\source\main.c(227): warning C4244: '=' : 將 'int' 轉換為 'float'，由於類型不同，可能導致資料遺失
     1>c:\users\asus\desktop\c code\final project\source\main.c(230): warning C4244: '=' : 將 'int' 轉換為 'float'，由於類型不同，可能導致資料遺失
     1>c:\users\asus\desktop\c code\final project\source\main.c(232): warning C4244: '=' : 將 'int' 轉換為 'float'，由於類型不同，可能導致資料遺失
     1>c:\users\asus\desktop\c code\final project\source\main.c(234): warning C4244: '=' : 將 'int' 轉換為 'float'，由於類型不同，可能導致資料遺失
     1>c:\users\asus\desktop\c code\final project\source\main.c(236): warning C4244: '=' : 將 'int' 轉換為 'float'，由於類型不同，可能導致資料遺失
     1>c:\users\asus\desktop\c code\final project\source\main.c(216): warning C4101: 'i' : 未參考的區域變數
     1>c:\users\asus\desktop\c code\final project\source\main.c(216): warning C4101: 'j' : 未參考的區域變數
       Link:
         D:\Program Files (x86)\Microsoft Visual Studio 12.0\VC\bin\link.exe /ERRORREPORT:PROMPT /OUT:"..\temp\debug\final project.exe" /INCREMENTAL /NOLOGO kernel32.lib user32.lib gdi32.lib winspool.lib comdlg32.lib advapi32.lib shell32.lib ole32.lib oleaut32.lib uuid.lib odbc32.lib odbccp32.lib /MANIFEST /MANIFESTUAC:"level='asInvoker' uiAccess='false'" /manifest:embed /DEBUG /PDB:"..\temp\debug\final project.pdb" /TLBID:1 /DYNAMICBASE /NXCOMPAT /IMPLIB:"..\temp\debug\final project.lib" /MACHINE:X86 ..\temp\debug\Main.obj
         final project.vcxproj -> C:\Users\ASUS\Desktop\c code\final project\final project\..\temp\debug\final project.exe
     1>專案 "C:\Users\ASUS\Desktop\c code\final project\final project\final project.vcxproj" (Build 目標) 建置完成。

建置成功。

經過時間 00:00:00.39
